Build started 2015-11-24 오후 4:33:05.
     1>Project "C:\Users\moran kim\Desktop\cs lectures\Advanced Algorithm2 2015.2nd\stipple\stipple\hedcuter\code\vc_files\hedcut.vcxproj" on node 2 (Build target(s)).
     1>ClCompile:
         C:\Program Files (x86)\Microsoft Visual Studio 12.0\VC\bin\x86_amd64\CL.exe /c /I"C:\Users\moran kim\opencv\build\include" /I../mathtool /Zi /nologo /W3 /WX- /sdl /O2 /Oi /GL /D _MBCS /Gm- /EHsc /MD /GS /Gy /fp:precise /Zc:wchar_t /Zc:forScope /Fo"x64\Release\\" /Fd"x64\Release\vc120.pdb" /Gd /TP /errorReport:prompt ..\hedcut.cpp
         hedcut.cpp
     1>c:\users\moran kim\desktop\cs lectures\advanced algorithm2 2015.2nd\stipple\stipple\hedcuter\code\wcvt.h(102): warning C4244: 'initializing' : conversion from 'double' to 'float', possible loss of data
     1>..\hedcut.cpp(59): warning C4244: 'initializing' : conversion from 'double' to 'float', possible loss of data
     1>..\hedcut.cpp(60): warning C4244: 'initializing' : conversion from 'double' to 'float', possible loss of data
     1>..\hedcut.cpp(74): warning C4244: 'argument' : conversion from 'double' to 'int', possible loss of data
     1>..\hedcut.cpp(100): warning C4244: 'argument' : conversion from 'const double' to 'int', possible loss of data
       Link:
         C:\Program Files (x86)\Microsoft Visual Studio 12.0\VC\bin\x86_amd64\link.exe /ERRORREPORT:PROMPT /OUT:"C:\Users\moran kim\Desktop\cs lectures\Advanced Algorithm2 2015.2nd\stipple\stipple\hedcuter\code\vc_files\x64\Release\hedcut.exe" /NOLOGO /LIBPATH:"C:\Users\moran kim\opencv\build\x64\vc12\lib" opencv_highgui2410.lib opencv_core2410.lib opencv_imgproc2410.lib opencv_flann2410.lib opencv_contrib2410.lib opencv_features2d2410.lib kernel32.lib user32.lib gdi32.lib winspool.lib comdlg32.lib advapi32.lib shell32.lib ole32.lib oleaut32.lib uuid.lib odbc32.lib odbccp32.lib /MANIFEST /MANIFESTUAC:"level='asInvoker' uiAccess='false'" /manifest:embed /DEBUG /PDB:"C:\Users\moran kim\Desktop\cs lectures\Advanced Algorithm2 2015.2nd\stipple\stipple\hedcuter\code\vc_files\x64\Release\hedcut.pdb" /OPT:REF /OPT:ICF /LTCG /TLBID:1 /DYNAMICBASE /NXCOMPAT /IMPLIB:"C:\Users\moran kim\Desktop\cs lectures\Advanced Algorithm2 2015.2nd\stipple\stipple\hedcuter\code\vc_files\x64\Release\hedcut.lib" /MACHINE:X64 x64\Release\hedcut.obj
         x64\Release\main.obj
         x64\Release\wcvt.obj
         x64\Release\wcvt_gpu.obj
         Generating code
         Finished generating code
         hedcut.vcxproj -> C:\Users\moran kim\Desktop\cs lectures\Advanced Algorithm2 2015.2nd\stipple\stipple\hedcuter\code\vc_files\x64\Release\hedcut.exe
     1>Done Building Project "C:\Users\moran kim\Desktop\cs lectures\Advanced Algorithm2 2015.2nd\stipple\stipple\hedcuter\code\vc_files\hedcut.vcxproj" (Build target(s)).

Build succeeded.

Time Elapsed 00:00:02.84
